#
# There is insufficient memory for the Java Runtime Environment to continue.
# Native memory allocation (mmap) failed to map 67108864 bytes for G1 virtual space
# Possible reasons:
#   The system is out of physical RAM or swap space
#   The process is running with CompressedOops enabled, and the Java Heap may be blocking the growth of the native heap
# Possible solutions:
#   Reduce memory load on the system
#   Increase physical memory or swap space
#   Check if swap backing store is full
#   Decrease Java heap size (-Xmx/-Xms)
#   Decrease number of Java threads
#   Decrease Java thread stack sizes (-Xss)
#   Set larger code cache with -XX:ReservedCodeCacheSize=
#   JVM is running with Unscaled Compressed Oops mode in which the Java heap is
#     placed in the first 4GB address space. The Java Heap base address is the
#     maximum limit for the native heap growth. Please use -XX:HeapBaseMinAddress
#     to set the Java Heap base and to place the Java Heap above 4GB virtual address.
# This output file may be truncated or incomplete.
#
#  Out of Memory Error (os_windows.cpp:3469), pid=15160, tid=9524
#
# JRE version:  (17.0.1+12) (build )
# Java VM: Java HotSpot(TM) 64-Bit Server VM (17.0.1+12-LTS-39, mixed mode, sharing, tiered, compressed oops, compressed class ptrs, g1 gc, windows-amd64)
# No core dump will be written. Minidumps are not enabled by default on client versions of Windows
#

---------------  S U M M A R Y ------------

Command Line: -Dfile.encoding=Cp1252 -XX:+ShowCodeDetailsInExceptionMessages com.app.sample.SC

Host: Intel(R) Core(TM) i5-4210U CPU @ 1.70GHz, 4 cores, 3G,  Windows 10 , 64 bit Build 19041 (10.0.19041.1466)
Time: Thu Feb  3 19:12:04 2022 India Standard Time elapsed time: 0.017245 seconds (0d 0h 0m 0s)

---------------  T H R E A D  ---------------

Current thread (0x00000279acdfd050):  JavaThread "Unknown thread" [_thread_in_vm, id=9524, stack(0x000000dce7c00000,0x000000dce7d00000)]

Stack: [0x000000dce7c00000,0x000000dce7d00000]
Native frames: (J=compiled Java code, j=interpreted, Vv=VM code, C=native code)
V  [jvm.dll+0x66fa1a]
V  [jvm.dll+0x7ce5a4]
V  [jvm.dll+0x7cfd4e]
V  [jvm.dll+0x7d03b3]
V  [jvm.dll+0x242b05]
V  [jvm.dll+0x66ca39]
V  [jvm.dll+0x661502]
V  [jvm.dll+0x30081b]
V  [jvm.dll+0x307da6]
V  [jvm.dll+0x357a1e]
V  [jvm.dll+0x357c4f]
V  [jvm.dll+0x2d7ad8]
V  [jvm.dll+0x2d8a44]
V  [jvm.dll+0x7a01e1]
V  [jvm.dll+0x365791]
V  [jvm.dll+0x77f6cc]
V  [jvm.dll+0x3e812f]
V  [jvm.dll+0x3e9bd1]
C  [jli.dll+0x527b]
C  [ucrtbase.dll+0x21bb2]
C  [KERNEL32.DLL+0x17034]
C  [ntdll.dll+0x52651]


---------------  P R O C E S S  ---------------

Threads class SMR info:
_java_thread_list=0x00007fff71a87818, length=0, elements={
}

Java Threads: ( => current thread )

Other Threads:
  0x00000279ace2bb40 GCTaskThread "GC Thread#0" [stack: 0x000000dce7e00000,0x000000dce7f00000] [id=12572]
  0x00000279ace35e40 ConcurrentGCThread "G1 Main Marker" [stack: 0x000000dce7f00000,0x000000dce8000000] [id=3984]
  0x00000279ace36760 ConcurrentGCThread "G1 Conc#0" [stack: 0x000000dce8000000,0x000000dce8100000] [id=12584]

[error occurred during error reporting (printing all threads), id 0xc0000005, EXCEPTION_ACCESS_VIOLATION (0xc0000005) at pc=0x00007fff712d84b7]

VM state: not at safepoint (not fully initialized)

VM Mutex/Monitor currently owned by a thread:  ([mutex/lock_event])
[0x00000279acdf8960] Heap_lock - owner thread: 0x00000279acdfd050

Heap address: 0x00000000c1800000, size: 1000 MB, Compressed Oops mode: 32-bit

CDS archive(s) mapped at: [0x0000000000000000-0x0000000000000000-0x0000000000000000), size 0, SharedBaseAddress: 0x0000000800000000, ArchiveRelocationMode: 0.
Narrow klass base: 0x0000000000000000, Narrow klass shift: 0, Narrow klass range: 0x0

GC Precious Log:
<Empty>

Heap:
 garbage-first heap   total 0K, used 0K [0x00000000c1800000, 0x0000000100000000)
  region size 1024K, 0 young (0K), 0 survivors (0K)

[error occurred during error reporting (printing heap information), id 0xc0000005, EXCEPTION_ACCESS_VIOLATION (0xc0000005) at pc=0x00007fff716b8d89]

GC Heap History (0 events):
No events

Deoptimization events (0 events):
No events

Classes unloaded (0 events):
No events

Classes redefined (0 events):
No events

Internal exceptions (0 events):
No events

VM Operations (0 events):
No events

Events (1 events):
Event: 0.013 Loaded shared library C:\Program Files\Java\jdk-17.0.1\bin\java.dll


Dynamic libraries:
0x00007ff6fc6f0000 - 0x00007ff6fc700000 	C:\Program Files\Java\jdk-17.0.1\bin\javaw.exe
0x00007fffaac90000 - 0x00007fffaae85000 	C:\WINDOWS\SYSTEM32\ntdll.dll
0x00007fffaa910000 - 0x00007fffaa9ce000 	C:\WINDOWS\System32\KERNEL32.DLL
0x00007fffa84d0000 - 0x00007fffa8798000 	C:\WINDOWS\System32\KERNELBASE.dll
0x00007fffa83d0000 - 0x00007fffa84d0000 	C:\WINDOWS\System32\ucrtbase.dll
0x00007fffa4200000 - 0x00007fffa4218000 	C:\Program Files\Java\jdk-17.0.1\bin\jli.dll
0x00007fffa9390000 - 0x00007fffa943e000 	C:\WINDOWS\System32\ADVAPI32.dll
0x00007fffaa9f0000 - 0x00007fffaaa8e000 	C:\WINDOWS\System32\msvcrt.dll
0x00007fffaaa90000 - 0x00007fffaab2c000 	C:\WINDOWS\System32\sechost.dll
0x00007fffaa4b0000 - 0x00007fffaa5d5000 	C:\WINDOWS\System32\RPCRT4.dll
0x00007fffa8d80000 - 0x00007fffa8f21000 	C:\WINDOWS\System32\USER32.dll
0x00007fffa8a50000 - 0x00007fffa8a72000 	C:\WINDOWS\System32\win32u.dll
0x00007fffaa160000 - 0x00007fffaa18b000 	C:\WINDOWS\System32\GDI32.dll
0x00007fffa8bc0000 - 0x00007fffa8ccd000 	C:\WINDOWS\System32\gdi32full.dll
0x00007fffa8800000 - 0x00007fffa889d000 	C:\WINDOWS\System32\msvcp_win.dll
0x00007fffa4110000 - 0x00007fffa412a000 	C:\Program Files\Java\jdk-17.0.1\bin\VCRUNTIME140.dll
0x00007fff98920000 - 0x00007fff98bba000 	C:\WINDOWS\WinSxS\amd64_microsoft.windows.common-controls_6595b64144ccf1df_6.0.19041.1110_none_60b5254171f9507e\COMCTL32.dll
0x00007fffa0370000 - 0x00007fffa037a000 	C:\WINDOWS\SYSTEM32\VERSION.dll
0x00007fffaa810000 - 0x00007fffaa840000 	C:\WINDOWS\System32\IMM32.DLL
0x00007fffa4290000 - 0x00007fffa429c000 	C:\Program Files\Java\jdk-17.0.1\bin\vcruntime140_1.dll
0x00007fff9c6f0000 - 0x00007fff9c77d000 	C:\Program Files\Java\jdk-17.0.1\bin\msvcp140.dll
0x00007fff70ff0000 - 0x00007fff71bae000 	C:\Program Files\Java\jdk-17.0.1\bin\server\jvm.dll
0x00007fffaa190000 - 0x00007fffaa198000 	C:\WINDOWS\System32\PSAPI.DLL
0x00007fffa41c0000 - 0x00007fffa41c9000 	C:\WINDOWS\SYSTEM32\WSOCK32.dll
0x00007fffaa440000 - 0x00007fffaa4ab000 	C:\WINDOWS\System32\WS2_32.dll
0x00007fff9ab00000 - 0x00007fff9ab27000 	C:\WINDOWS\SYSTEM32\WINMM.dll
0x00007fffa6290000 - 0x00007fffa62a2000 	C:\WINDOWS\SYSTEM32\kernel.appcore.dll
0x00007fffa3cb0000 - 0x00007fffa3cba000 	C:\Program Files\Java\jdk-17.0.1\bin\jimage.dll
0x00007fff94cb0000 - 0x00007fff94e94000 	C:\WINDOWS\SYSTEM32\DBGHELP.DLL
0x00007fff92fd0000 - 0x00007fff92ffc000 	C:\WINDOWS\SYSTEM32\dbgcore.DLL
0x00007fffa8b30000 - 0x00007fffa8bb2000 	C:\WINDOWS\System32\bcryptPrimitives.dll
0x00007fffa1db0000 - 0x00007fffa1dd5000 	C:\Program Files\Java\jdk-17.0.1\bin\java.dll

dbghelp: loaded successfully - version: 4.0.5 - missing functions: none
symbol engine: initialized successfully - sym options: 0x614 - pdb path: .;C:\Program Files\Java\jdk-17.0.1\bin;C:\WINDOWS\SYSTEM32;C:\WINDOWS\WinSxS\amd64_microsoft.windows.common-controls_6595b64144ccf1df_6.0.19041.1110_none_60b5254171f9507e;C:\Program Files\Java\jdk-17.0.1\bin\server

VM Arguments:
jvm_args: -Dfile.encoding=Cp1252 -XX:+ShowCodeDetailsInExceptionMessages 
java_command: com.app.sample.SC
java_class_path (initial): C:\Users\DELL\eclipse-workspace\hibernet\login.java\target\classes;C:\Users\DELL\.m2\repository\org\hibernate\orm\hibernate-core\6.0.0.Beta3\hibernate-core-6.0.0.Beta3.jar;C:\Users\DELL\.m2\repository\jakarta\persistence\jakarta.persistence-api\3.0.0\jakarta.persistence-api-3.0.0.jar;C:\Users\DELL\.m2\repository\jakarta\transaction\jakarta.transaction-api\2.0.0\jakarta.transaction-api-2.0.0.jar;C:\Users\DELL\.m2\repository\org\jboss\jandex\2.2.3.Final\jandex-2.2.3.Final.jar;C:\Users\DELL\.m2\repository\com\fasterxml\classmate\1.5.1\classmate-1.5.1.jar;C:\Users\DELL\.m2\repository\org\hibernate\common\hibernate-commons-annotations\5.1.2.Final\hibernate-commons-annotations-5.1.2.Final.jar;C:\Users\DELL\.m2\repository\org\jboss\logging\jboss-logging\3.4.2.Final\jboss-logging-3.4.2.Final.jar;C:\Users\DELL\.m2\repository\net\bytebuddy\byte-buddy\1.12.5\byte-buddy-1.12.5.jar;C:\Users\DELL\.m2\repository\jakarta\activation\jakarta.activation-api\2.0.1\jakarta.activation-api-2.0.1.jar;C:\Users\DELL\.m2\repository\jakarta\xml\bind\jakarta.xml.bind-api\3.0.1\jakarta.xml.bind-api-3.0.1.jar;C:\Users\DELL\.m2\repository\com\sun\activation\jakarta.activation\2.0.1\jakarta.activation-2.0.1.jar;C:\Users\DELL\.m2\repository\org\glassfish\jaxb\jaxb-runtime\3.0.2\jaxb-runtime-3.0.2.jar;C:\Users\DELL\.m2\repository\org\glassfish\jaxb\jaxb-core\3.0.2\jaxb-core-3.0.2.jar;C:\Users\DELL\.m2\repository\org\glassfish\jaxb\txw2\3.0.2\txw2-3.0.2.jar;C:\Users\DELL\.m2\repository\com\sun\istack\istack-commons-runtime\4.0.1\istack-commons-runtime-4.0.1.jar;C:\Users\DELL\.m2\repository\jakarta\inject\jakarta.inject-api\2.0.0\jakarta.inject-api-2.0.0.jar;C:\Users\DELL\.m2\repository\org\antlr\antlr4-runtime\4.9.1\antlr4-runtime-4.9.1.jar;C:\Users\DELL\.m2\repository\mysql\mysql-connector-java\8.0.28\mysql-connector-java-8.0.28.jar;C:\Users\DELL\.m2\repository\com\google\protobuf\protobuf-java\3.11.4\protobuf-java-3.11.4.jar
Launcher Type: SUN_STANDARD

[Global flags]
     intx CICompilerCount                          = 3                                         {product} {ergonomic}
     uint ConcGCThreads                            = 1                                         {product} {ergonomic}
     uint G1ConcRefinementThreads                  = 4                                         {product} {ergonomic}
   size_t G1HeapRegionSize                         = 1048576                                   {product} {ergonomic}
    uintx GCDrainStackTargetSize                   = 64                                        {product} {ergonomic}
   size_t InitialHeapSize                          = 67108864                                  {product} {ergonomic}
   size_t MarkStackSize                            = 4194304                                   {product} {ergonomic}
   size_t MaxHeapSize                              = 1048576000                                {product} {ergonomic}
   size_t MinHeapDeltaBytes                        = 1048576                                   {product} {ergonomic}
   size_t MinHeapSize                              = 8388608                                   {product} {ergonomic}
    uintx NonNMethodCodeHeapSize                   = 5832780                                {pd product} {ergonomic}
    uintx NonProfiledCodeHeapSize                  = 122912730                              {pd product} {ergonomic}
    uintx ProfiledCodeHeapSize                     = 122912730                              {pd product} {ergonomic}
    uintx ReservedCodeCacheSize                    = 251658240                              {pd product} {ergonomic}
     bool SegmentedCodeCache                       = true                                      {product} {ergonomic}
     bool ShowCodeDetailsInExceptionMessages       = true                                   {manageable} {command line}
   size_t SoftMaxHeapSize                          = 1048576000                             {manageable} {ergonomic}
     bool UseCompressedClassPointers               = true                           {product lp64_product} {ergonomic}
     bool UseCompressedOops                        = true                           {product lp64_product} {ergonomic}
     bool UseG1GC                                  = true                                      {product} {ergonomic}
     bool UseLargePagesIndividualAllocation        = false                                  {pd product} {ergonomic}

Logging:
Log output configuration:
 #0: stdout all=warning uptime,level,tags
 #1: stderr all=off uptime,level,tags

Environment Variables:
PATH=C:\Program Files\Common Files\Oracle\Java\javapath;C:\Windows\system32;C:\Windows;C:\Windows\System32\Wbem;C:\Windows\System32\WindowsPowerShell\v1.0\;C:\Windows\System32\OpenSSH\;C:\Program Files (x86)\NVIDIA Corporation\PhysX\Common;C:\Program Files\PuTTY\;C:\WINDOWS\system32;C:\WINDOWS;C:\WINDOWS\System32\Wbem;C:\WINDOWS\System32\WindowsPowerShell\v1.0\;C:\WINDOWS\System32\OpenSSH\;C:\Program Files\Java\jdk-17.0.1\bin;C:\Program Files\Java\jdk-17.0.1\bin
USERNAME=DELL
OS=Windows_NT
PROCESSOR_IDENTIFIER=Intel64 Family 6 Model 69 Stepping 1, GenuineIntel



---------------  S Y S T E M  ---------------

OS:
 Windows 10 , 64 bit Build 19041 (10.0.19041.1466)
OS uptime: 9 days 3:45 hours

CPU: total 4 (initial active 4) (2 cores per cpu, 2 threads per core) family 6 model 69 stepping 1 microcode 0x25, cx8, cmov, fxsr, ht, mmx, sse, sse2, sse3, ssse3, sse4.1, sse4.2, popcnt, lzcnt, tsc, tscinvbit, avx, avx2, aes, erms, clmul, bmi1, bmi2, fma, vzeroupper, clflush

Memory: 4k page, system-wide physical 3999M (452M free)
TotalPageFile size 6999M (AvailPageFile size 45M)
current process WorkingSet (physical memory assigned to process): 9M, peak: 9M
current process commit charge ("private bytes"): 51M, peak: 115M

vm_info: Java HotSpot(TM) 64-Bit Server VM (17.0.1+12-LTS-39) for windows-amd64 JRE (17.0.1+12-LTS-39), built on Sep 27 2021 18:41:35 by "mach5one" with MS VC++ 16.8 (VS2019)

END.
